<?xml version="1.0" encoding="UTF-8"?>
<testsuite name="com.employeepayroll.NIOFileAPITest" tests="1" skipped="0" failures="0" errors="0" timestamp="2021-07-22T14:58:45" hostname="LAPTOP-7G42B0N6" time="0.124">
  <properties/>
  <testcase name="givenPathWhenCheckedThenConfirm()" classname="com.employeepayroll.NIOFileAPITest" time="0.124"/>
  <system-out><![CDATA[C:\Users\Ujwal Chaudhari\TempPlayGround\temp1
C:\Users\Ujwal Chaudhari\TempPlayGround\temp2
C:\Users\Ujwal Chaudhari\TempPlayGround\temp3
C:\Users\Ujwal Chaudhari\TempPlayGround\temp4
C:\Users\Ujwal Chaudhari\TempPlayGround\temp5
C:\Users\Ujwal Chaudhari\TempPlayGround\temp6
C:\Users\Ujwal Chaudhari\TempPlayGround\temp7
C:\Users\Ujwal Chaudhari\TempPlayGround\temp8
C:\Users\Ujwal Chaudhari\TempPlayGround\temp9
C:\Users\Ujwal Chaudhari\TempPlayGround\temp1
C:\Users\Ujwal Chaudhari\TempPlayGround\temp2
C:\Users\Ujwal Chaudhari\TempPlayGround\temp3
C:\Users\Ujwal Chaudhari\TempPlayGround\temp4
C:\Users\Ujwal Chaudhari\TempPlayGround\temp5
C:\Users\Ujwal Chaudhari\TempPlayGround\temp6
C:\Users\Ujwal Chaudhari\TempPlayGround\temp7
C:\Users\Ujwal Chaudhari\TempPlayGround\temp8
C:\Users\Ujwal Chaudhari\TempPlayGround\temp9
]]></system-out>
  <system-err><![CDATA[]]></system-err>
</testsuite>
